Performing C SOURCE FILE Test CMAKE_HAVE_LIBC_PTHREAD failed with the following output:
Change Dir: /home/vina/catkin_ws/src/abb_irb6640_irb4400_dfab_support/build/CMakeFiles/CMakeTmp

Run Build Command(s):/home/vina/.local/bin/ninja cmTC_7f7d7 && [1/2] Building C object CMakeFiles/cmTC_7f7d7.dir/src.c.o
[2/2] Linking C executable cmTC_7f7d7
FAILED: cmTC_7f7d7 
: && /usr/lib/ccache/cc -DCMAKE_HAVE_LIBC_PTHREAD  -rdynamic CMakeFiles/cmTC_7f7d7.dir/src.c.o  -o cmTC_7f7d7   && :
/usr/bin/ld: CMakeFiles/cmTC_7f7d7.dir/src.c.o: in function `main':
src.c:(.text+0x46): undefined reference to `pthread_create'
/usr/bin/ld: src.c:(.text+0x52): undefined reference to `pthread_detach'
/usr/bin/ld: src.c:(.text+0x63): undefined reference to `pthread_join'
collect2: error: ld returned 1 exit status
ninja: build stopped: subcommand failed.


Source file was:
#include <pthread.h>

void* test_func(void* data)
{
  return data;
}

int main(void)
{
  pthread_t thread;
  pthread_create(&thread, NULL, test_func, NULL);
  pthread_detach(thread);
  pthread_join(thread, NULL);
  pthread_atfork(NULL, NULL, NULL);
  pthread_exit(NULL);

  return 0;
}

Determining if the function pthread_create exists in the pthreads failed with the following output:
Change Dir: /home/vina/catkin_ws/src/abb_irb6640_irb4400_dfab_support/build/CMakeFiles/CMakeTmp

Run Build Command(s):/home/vina/.local/bin/ninja cmTC_e199e && [1/2] Building C object CMakeFiles/cmTC_e199e.dir/CheckFunctionExists.c.o
[2/2] Linking C executable cmTC_e199e
FAILED: cmTC_e199e 
: && /usr/lib/ccache/cc -DCHECK_FUNCTION_EXISTS=pthread_create  -rdynamic CMakeFiles/cmTC_e199e.dir/CheckFunctionExists.c.o  -o cmTC_e199e  -lpthreads && :
/usr/bin/ld: cannot find -lpthreads
collect2: error: ld returned 1 exit status
ninja: build stopped: subcommand failed.



